<?xml version="1.0" encoding="UTF-8" ?>
<beans xmlns="http://www.springframework.org/schema/beans"
       xmlns:xsi="http://www.w3.org/2001/XMLSchema-instance"
       xsi:schemaLocation="http://www.springframework.org/schema/beans http://www.springframework.org/schema/beans/spring-beans-3.0.xsd">

    <bean id="userDao" class="springbook.user.dao.UserDao_Exception">
        <property name="dataSource" ref="dataSource" />
    </bean>

    <bean id="dataSource" class="org.springframework.jdbc.datasource.SimpleDriverDataSource">
        <property name="driverClass" value="com.mysql.cj.jdbc.Driver"/>
        <!-- 테스트용 DB로 교체해준다. -->
        <!--<property name="url" value="jdbc:mysql://192.168.99.100:3306/springbook"/>-->
        <property name="url" value="jdbc:mysql://192.168.99.100:3306/testdb"/>
        <property name="username" value="spring" />
        <property name="password" value="book" />
    </bean>

</beans>